<?xml version="1.0" encoding="UTF-8"?>
<testng-results ignored="0" total="2" passed="2" failed="0" skipped="0">
  <reporter-output>
  </reporter-output>
  <suite started-at="2024-01-31T13:57:56 IST" name="Suite" finished-at="2024-01-31T13:57:58 IST" duration-ms="1695">
    <groups>
    </groups>
    <test started-at="2024-01-31T13:57:56 IST" name="Test" finished-at="2024-01-31T13:57:58 IST" duration-ms="1695">
      <class name="modules.ApplyLeave">
        <test-method signature="navigatetoApplyLeaveModule()[pri:0, instance:modules.ApplyLeave@13047d7d]" started-at="2024-01-31T13:57:57 IST" name="navigatetoApplyLeaveModule" finished-at="2024-01-31T13:57:58 IST" duration-ms="962" status="PASS">
          <reporter-output>
          </reporter-output>
        </test-method> <!-- navigatetoApplyLeaveModule -->
      </class> <!-- modules.ApplyLeave -->
      <class name="modules.TimeSheet">
        <test-method signature="clickOnTimeSheetModule()[pri:0, instance:modules.TimeSheet@bc4d5e1]" started-at="2024-01-31T13:57:58 IST" name="clickOnTimeSheetModule" finished-at="2024-01-31T13:57:58 IST" duration-ms="609" status="PASS">
          <reporter-output>
          </reporter-output>
        </test-method> <!-- clickOnTimeSheetModule -->
      </class> <!-- modules.TimeSheet -->
    </test> <!-- Test -->
  </suite> <!-- Suite -->
</testng-results>
